<?xml version="1.0" encoding="UTF-8"?>
<!-- Generated by org.testng.reporters.JUnitReportReporter -->
<testsuite hostname="DESKTOP-9D4A15O" failures="0" tests="1" name="NewTest" time="0.035" errors="0" timestamp="27 февр. 2018 17:25:46 GMT" skipped="0">
  <testcase classname="NewTest" name="f" time="0.035"/>
</testsuite> <!-- NewTest -->
