<?xml version="1.0" encoding="UTF-8"?>
<!-- Generated by org.testng.reporters.JUnitReportReporter -->
<testsuite hostname="DESKTOP-9D4A15O" failures="0" tests="32" name="TestNGtests.TestGet" time="0.196" errors="0" timestamp="28 февр. 2018 13:32:08 GMT" skipped="0">
  <testcase classname="TestNGtests.TestGet" name="test_2" time="0.001"/>
  <testcase classname="TestNGtests.TestGet" name="test_ex_hi" time="0.001"/>
  <testcase classname="TestNGtests.TestGet" name="test_many_md" time="0.001"/>
  <testcase classname="TestNGtests.TestGet" name="test_ex_lo" time="0.002"/>
  <testcase classname="TestNGtests.TestGet" name="test_2" time="0.000"/>
  <testcase classname="TestNGtests.TestGet" name="test_ex_hi" time="0.001"/>
  <testcase classname="TestNGtests.TestGet" name="test_many_st" time="0.002"/>
  <testcase classname="TestNGtests.TestGet" name="test_1" time="0.001"/>
  <testcase classname="TestNGtests.TestGet" name="test_1" time="0.001"/>
  <testcase classname="TestNGtests.TestGet" name="test_ex_lo" time="0.001"/>
  <testcase classname="TestNGtests.TestGet" name="test_1" time="0.007"/>
  <testcase classname="TestNGtests.TestGet" name="test_many_en" time="0.001"/>
  <testcase classname="TestNGtests.TestGet" name="test_0" time="0.001"/>
  <testcase classname="TestNGtests.TestGet" name="test_0" time="0.001"/>
  <testcase classname="TestNGtests.TestGet" name="test_2" time="0.001"/>
  <testcase classname="TestNGtests.TestGet" name="test_many_en" time="0.001"/>
  <testcase classname="TestNGtests.TestGet" name="test_ex_lo" time="0.001"/>
  <testcase classname="TestNGtests.TestGet" name="test_ex_lo" time="0.001"/>
  <testcase classname="TestNGtests.TestGet" name="test_many_st" time="0.022"/>
  <testcase classname="TestNGtests.TestGet" name="test_ex_hi" time="0.002"/>
  <testcase classname="TestNGtests.TestGet" name="test_many_md" time="0.001"/>
  <testcase classname="TestNGtests.TestGet" name="test_many_en" time="0.005"/>
  <testcase classname="TestNGtests.TestGet" name="test_2" time="0.001"/>
  <testcase classname="TestNGtests.TestGet" name="test_0" time="0.004"/>
  <testcase classname="TestNGtests.TestGet" name="test_many_en" time="0.001"/>
  <testcase classname="TestNGtests.TestGet" name="test_many_st" time="0.001"/>
  <testcase classname="TestNGtests.TestGet" name="test_many_md" time="0.002"/>
  <testcase classname="TestNGtests.TestGet" name="test_1" time="0.001"/>
  <testcase classname="TestNGtests.TestGet" name="test_many_st" time="0.001"/>
  <testcase classname="TestNGtests.TestGet" name="test_0" time="0.001"/>
  <testcase classname="TestNGtests.TestGet" name="test_ex_hi" time="0.004"/>
  <testcase classname="TestNGtests.TestGet" name="test_many_md" time="0.125"/>
</testsuite> <!-- TestNGtests.TestGet -->
