<?xml version="1.0" encoding="UTF-8"?>
<!-- Generated by org.testng.reporters.JUnitReportReporter -->
<testsuite hostname="DESKTOP-9D4A15O" failures="0" tests="16" name="TestNGtests.TestToArray" time="0.010" errors="0" timestamp="28 февр. 2018 13:32:08 GMT" skipped="0">
  <testcase classname="TestNGtests.TestToArray" name="test_1" time="0.001"/>
  <testcase classname="TestNGtests.TestToArray" name="test_many" time="0.001"/>
  <testcase classname="TestNGtests.TestToArray" name="test_2" time="0.000"/>
  <testcase classname="TestNGtests.TestToArray" name="test_1" time="0.001"/>
  <testcase classname="TestNGtests.TestToArray" name="test_1" time="0.001"/>
  <testcase classname="TestNGtests.TestToArray" name="test_0" time="0.001"/>
  <testcase classname="TestNGtests.TestToArray" name="test_0" time="0.000"/>
  <testcase classname="TestNGtests.TestToArray" name="test_0" time="0.000"/>
  <testcase classname="TestNGtests.TestToArray" name="test_many" time="0.001"/>
  <testcase classname="TestNGtests.TestToArray" name="test_many" time="0.001"/>
  <testcase classname="TestNGtests.TestToArray" name="test_2" time="0.000"/>
  <testcase classname="TestNGtests.TestToArray" name="test_0" time="0.001"/>
  <testcase classname="TestNGtests.TestToArray" name="test_2" time="0.001"/>
  <testcase classname="TestNGtests.TestToArray" name="test_2" time="0.001"/>
  <testcase classname="TestNGtests.TestToArray" name="test_1" time="0.000"/>
  <testcase classname="TestNGtests.TestToArray" name="test_many" time="0.000"/>
</testsuite> <!-- TestNGtests.TestToArray -->
