<?xml version="1.0" encoding="UTF-8"?>
<!-- Generated by org.testng.reporters.JUnitReportReporter -->
<testsuite hostname="DESKTOP-9D4A15O" failures="0" tests="32" name="TestNGtests.TestDelPos" time="0.118" errors="0" timestamp="28 февр. 2018 13:32:08 GMT" skipped="0">
  <testcase classname="TestNGtests.TestDelPos" name="test_1" time="0.009"/>
  <testcase classname="TestNGtests.TestDelPos" name="test_many_md" time="0.002"/>
  <testcase classname="TestNGtests.TestDelPos" name="test_1" time="0.002"/>
  <testcase classname="TestNGtests.TestDelPos" name="test_many_md" time="0.033"/>
  <testcase classname="TestNGtests.TestDelPos" name="test_2" time="0.001"/>
  <testcase classname="TestNGtests.TestDelPos" name="test_lo" time="0.003"/>
  <testcase classname="TestNGtests.TestDelPos" name="test_many_en" time="0.001"/>
  <testcase classname="TestNGtests.TestDelPos" name="test_2" time="0.002"/>
  <testcase classname="TestNGtests.TestDelPos" name="test_1" time="0.001"/>
  <testcase classname="TestNGtests.TestDelPos" name="test_many_st" time="0.006"/>
  <testcase classname="TestNGtests.TestDelPos" name="test_0" time="0.001"/>
  <testcase classname="TestNGtests.TestDelPos" name="test_2" time="0.001"/>
  <testcase classname="TestNGtests.TestDelPos" name="test_many_st" time="0.004"/>
  <testcase classname="TestNGtests.TestDelPos" name="test_hi" time="0.001"/>
  <testcase classname="TestNGtests.TestDelPos" name="test_hi" time="0.001"/>
  <testcase classname="TestNGtests.TestDelPos" name="test_many_st" time="0.005"/>
  <testcase classname="TestNGtests.TestDelPos" name="test_0" time="0.007"/>
  <testcase classname="TestNGtests.TestDelPos" name="test_2" time="0.001"/>
  <testcase classname="TestNGtests.TestDelPos" name="test_many_en" time="0.002"/>
  <testcase classname="TestNGtests.TestDelPos" name="test_many_md" time="0.007"/>
  <testcase classname="TestNGtests.TestDelPos" name="test_0" time="0.002"/>
  <testcase classname="TestNGtests.TestDelPos" name="test_lo" time="0.001"/>
  <testcase classname="TestNGtests.TestDelPos" name="test_lo" time="0.003"/>
  <testcase classname="TestNGtests.TestDelPos" name="test_lo" time="0.002"/>
  <testcase classname="TestNGtests.TestDelPos" name="test_many_md" time="0.002"/>
  <testcase classname="TestNGtests.TestDelPos" name="test_hi" time="0.001"/>
  <testcase classname="TestNGtests.TestDelPos" name="test_0" time="0.001"/>
  <testcase classname="TestNGtests.TestDelPos" name="test_hi" time="0.001"/>
  <testcase classname="TestNGtests.TestDelPos" name="test_1" time="0.001"/>
  <testcase classname="TestNGtests.TestDelPos" name="test_many_en" time="0.002"/>
  <testcase classname="TestNGtests.TestDelPos" name="test_many_en" time="0.010"/>
  <testcase classname="TestNGtests.TestDelPos" name="test_many_st" time="0.002"/>
</testsuite> <!-- TestNGtests.TestDelPos -->
