<?xml version="1.0" encoding="UTF-8"?>
<!-- Generated by org.testng.reporters.JUnitReportReporter -->
<testsuite hostname="DESKTOP-9D4A15O" failures="0" tests="20" name="TestNGtests.TestInit" time="0.023" errors="0" timestamp="28 февр. 2018 13:32:08 GMT" skipped="0">
  <testcase classname="TestNGtests.TestInit" name="test_many" time="0.002"/>
  <testcase classname="TestNGtests.TestInit" name="test_null" time="0.001"/>
  <testcase classname="TestNGtests.TestInit" name="test_2" time="0.001"/>
  <testcase classname="TestNGtests.TestInit" name="test_null" time="0.000"/>
  <testcase classname="TestNGtests.TestInit" name="test_null" time="0.001"/>
  <testcase classname="TestNGtests.TestInit" name="test_2" time="0.001"/>
  <testcase classname="TestNGtests.TestInit" name="test_1" time="0.001"/>
  <testcase classname="TestNGtests.TestInit" name="test_0" time="0.002"/>
  <testcase classname="TestNGtests.TestInit" name="test_0" time="0.001"/>
  <testcase classname="TestNGtests.TestInit" name="test_null" time="0.000"/>
  <testcase classname="TestNGtests.TestInit" name="test_1" time="0.000"/>
  <testcase classname="TestNGtests.TestInit" name="test_many" time="0.000"/>
  <testcase classname="TestNGtests.TestInit" name="test_many" time="0.001"/>
  <testcase classname="TestNGtests.TestInit" name="test_2" time="0.001"/>
  <testcase classname="TestNGtests.TestInit" name="test_0" time="0.004"/>
  <testcase classname="TestNGtests.TestInit" name="test_1" time="0.001"/>
  <testcase classname="TestNGtests.TestInit" name="test_2" time="0.000"/>
  <testcase classname="TestNGtests.TestInit" name="test_1" time="0.001"/>
  <testcase classname="TestNGtests.TestInit" name="test_0" time="0.004"/>
  <testcase classname="TestNGtests.TestInit" name="test_many" time="0.001"/>
</testsuite> <!-- TestNGtests.TestInit -->
