<?xml version="1.0" encoding="UTF-8"?>
<!-- Generated by org.testng.reporters.JUnitReportReporter -->
<testsuite hostname="DESKTOP-9D4A15O" failures="0" tests="16" name="TestNGtests.TestAddEnd" time="0.104" errors="0" timestamp="28 февр. 2018 13:32:08 GMT" skipped="0">
  <testcase classname="TestNGtests.TestAddEnd" name="test_1" time="0.009"/>
  <testcase classname="TestNGtests.TestAddEnd" name="test_0" time="0.007"/>
  <testcase classname="TestNGtests.TestAddEnd" name="test_2" time="0.003"/>
  <testcase classname="TestNGtests.TestAddEnd" name="test_2" time="0.002"/>
  <testcase classname="TestNGtests.TestAddEnd" name="test_0" time="0.003"/>
  <testcase classname="TestNGtests.TestAddEnd" name="test_1" time="0.006"/>
  <testcase classname="TestNGtests.TestAddEnd" name="test_2" time="0.002"/>
  <testcase classname="TestNGtests.TestAddEnd" name="test_many" time="0.011"/>
  <testcase classname="TestNGtests.TestAddEnd" name="test_0" time="0.006"/>
  <testcase classname="TestNGtests.TestAddEnd" name="test_many" time="0.002"/>
  <testcase classname="TestNGtests.TestAddEnd" name="test_many" time="0.008"/>
  <testcase classname="TestNGtests.TestAddEnd" name="test_1" time="0.004"/>
  <testcase classname="TestNGtests.TestAddEnd" name="test_1" time="0.008"/>
  <testcase classname="TestNGtests.TestAddEnd" name="test_0" time="0.021"/>
  <testcase classname="TestNGtests.TestAddEnd" name="test_many" time="0.004"/>
  <testcase classname="TestNGtests.TestAddEnd" name="test_2" time="0.008"/>
</testsuite> <!-- TestNGtests.TestAddEnd -->
